<?xml version="1.0" encoding="UTF-8"?>
<testng-results ignored="0" total="8" passed="8" failed="0" skipped="0">
  <reporter-output>
  </reporter-output>
  <suite started-at="2025-03-02T08:11:52 IST" name="Suite" finished-at="2025-03-02T08:13:08 IST" duration-ms="75525">
    <groups>
    </groups>
    <test started-at="2025-03-02T08:11:52 IST" name="DriverScript" finished-at="2025-03-02T08:13:08 IST" duration-ms="75525">
      <class name="com.automation.testscripts.DriverScript">
        <test-method is-config="true" signature="openBrowser(java.lang.String)[pri:0, instance:com.automation.testscripts.DriverScript@d35dea7]" started-at="2025-03-02T08:11:52 IST" name="openBrowser" finished-at="2025-03-02T08:12:49 IST" duration-ms="56960" status="PASS">
          <params>
            <param index="0">
              <value>
                <![CDATA[chrome]]>
              </value>
            </param>
          </params>
          <reporter-output>
          </reporter-output>
        </test-method> <!-- openBrowser -->
        <test-method signature="execute(java.lang.String,java.lang.String,java.lang.String,java.lang.String,java.lang.String)[pri:0, instance:com.automation.testscripts.DriverScript@d35dea7]" started-at="2025-03-02T08:12:58 IST" name="execute" data-provider="getTestdata" finished-at="2025-03-02T08:13:00 IST" duration-ms="2175" status="PASS">
          <params>
            <param index="0">
              <value>
                <![CDATA[TC_001_AddRemove]]>
              </value>
            </param>
            <param index="1">
              <value>
                <![CDATA[Load an application URL]]>
              </value>
            </param>
            <param index="2">
              <value>
                <![CDATA[visit]]>
              </value>
            </param>
            <param index="3">
              <value is-null="true"/>
            </param>
            <param index="4">
              <value>
                <![CDATA[https://www.saucedemo.com/]]>
              </value>
            </param>
          </params>
          <reporter-output>
          </reporter-output>
        </test-method> <!-- execute -->
        <test-method signature="execute(java.lang.String,java.lang.String,java.lang.String,java.lang.String,java.lang.String)[pri:0, instance:com.automation.testscripts.DriverScript@d35dea7]" started-at="2025-03-02T08:13:00 IST" name="execute" data-provider="getTestdata" finished-at="2025-03-02T08:13:02 IST" duration-ms="1727" status="PASS">
          <params>
            <param index="0">
              <value is-null="true"/>
            </param>
            <param index="1">
              <value>
                <![CDATA[Enter UserName]]>
              </value>
            </param>
            <param index="2">
              <value>
                <![CDATA[setValue]]>
              </value>
            </param>
            <param index="3">
              <value>
                <![CDATA[id=user-name]]>
              </value>
            </param>
            <param index="4">
              <value>
                <![CDATA[standard_user]]>
              </value>
            </param>
          </params>
          <reporter-output>
          </reporter-output>
        </test-method> <!-- execute -->
        <test-method signature="execute(java.lang.String,java.lang.String,java.lang.String,java.lang.String,java.lang.String)[pri:0, instance:com.automation.testscripts.DriverScript@d35dea7]" started-at="2025-03-02T08:13:02 IST" name="execute" data-provider="getTestdata" finished-at="2025-03-02T08:13:02 IST" duration-ms="107" status="PASS">
          <params>
            <param index="0">
              <value is-null="true"/>
            </param>
            <param index="1">
              <value>
                <![CDATA[Enter Password]]>
              </value>
            </param>
            <param index="2">
              <value>
                <![CDATA[setValue]]>
              </value>
            </param>
            <param index="3">
              <value>
                <![CDATA[id=password]]>
              </value>
            </param>
            <param index="4">
              <value>
                <![CDATA[secret_sauce]]>
              </value>
            </param>
          </params>
          <reporter-output>
          </reporter-output>
        </test-method> <!-- execute -->
        <test-method signature="execute(java.lang.String,java.lang.String,java.lang.String,java.lang.String,java.lang.String)[pri:0, instance:com.automation.testscripts.DriverScript@d35dea7]" started-at="2025-03-02T08:13:02 IST" name="execute" data-provider="getTestdata" finished-at="2025-03-02T08:13:03 IST" duration-ms="596" status="PASS">
          <params>
            <param index="0">
              <value is-null="true"/>
            </param>
            <param index="1">
              <value>
                <![CDATA[Click on Login]]>
              </value>
            </param>
            <param index="2">
              <value>
                <![CDATA[click]]>
              </value>
            </param>
            <param index="3">
              <value>
                <![CDATA[id=login-button]]>
              </value>
            </param>
            <param index="4">
              <value is-null="true"/>
            </param>
          </params>
          <reporter-output>
          </reporter-output>
        </test-method> <!-- execute -->
        <test-method signature="execute(java.lang.String,java.lang.String,java.lang.String,java.lang.String,java.lang.String)[pri:0, instance:com.automation.testscripts.DriverScript@d35dea7]" started-at="2025-03-02T08:13:03 IST" name="execute" data-provider="getTestdata" finished-at="2025-03-02T08:13:03 IST" duration-ms="129" status="PASS">
          <params>
            <param index="0">
              <value is-null="true"/>
            </param>
            <param index="1">
              <value is-null="true"/>
            </param>
            <param index="2">
              <value>
                <![CDATA[click]]>
              </value>
            </param>
            <param index="3">
              <value>
                <![CDATA[id=add-to-cart-sauce-labs-backpack]]>
              </value>
            </param>
            <param index="4">
              <value is-null="true"/>
            </param>
          </params>
          <reporter-output>
          </reporter-output>
        </test-method> <!-- execute -->
        <test-method signature="execute(java.lang.String,java.lang.String,java.lang.String,java.lang.String,java.lang.String)[pri:0, instance:com.automation.testscripts.DriverScript@d35dea7]" started-at="2025-03-02T08:13:03 IST" name="execute" data-provider="getTestdata" finished-at="2025-03-02T08:13:03 IST" duration-ms="191" status="PASS">
          <params>
            <param index="0">
              <value is-null="true"/>
            </param>
            <param index="1">
              <value is-null="true"/>
            </param>
            <param index="2">
              <value>
                <![CDATA[click]]>
              </value>
            </param>
            <param index="3">
              <value>
                <![CDATA[id=remove-sauce-labs-backpack]]>
              </value>
            </param>
            <param index="4">
              <value is-null="true"/>
            </param>
          </params>
          <reporter-output>
          </reporter-output>
        </test-method> <!-- execute -->
        <test-method signature="execute(java.lang.String,java.lang.String,java.lang.String,java.lang.String,java.lang.String)[pri:0, instance:com.automation.testscripts.DriverScript@d35dea7]" started-at="2025-03-02T08:13:03 IST" name="execute" data-provider="getTestdata" finished-at="2025-03-02T08:13:03 IST" duration-ms="106" status="PASS">
          <params>
            <param index="0">
              <value is-null="true"/>
            </param>
            <param index="1">
              <value is-null="true"/>
            </param>
            <param index="2">
              <value>
                <![CDATA[click]]>
              </value>
            </param>
            <param index="3">
              <value>
                <![CDATA[id=react-burger-menu-btn]]>
              </value>
            </param>
            <param index="4">
              <value is-null="true"/>
            </param>
          </params>
          <reporter-output>
          </reporter-output>
        </test-method> <!-- execute -->
        <test-method signature="execute(java.lang.String,java.lang.String,java.lang.String,java.lang.String,java.lang.String)[pri:0, instance:com.automation.testscripts.DriverScript@d35dea7]" started-at="2025-03-02T08:13:03 IST" name="execute" data-provider="getTestdata" finished-at="2025-03-02T08:13:03 IST" duration-ms="132" status="PASS">
          <params>
            <param index="0">
              <value is-null="true"/>
            </param>
            <param index="1">
              <value is-null="true"/>
            </param>
            <param index="2">
              <value>
                <![CDATA[click]]>
              </value>
            </param>
            <param index="3">
              <value>
                <![CDATA[id=logout_sidebar_link]]>
              </value>
            </param>
            <param index="4">
              <value is-null="true"/>
            </param>
          </params>
          <reporter-output>
          </reporter-output>
        </test-method> <!-- execute -->
        <test-method is-config="true" signature="closeBrowser()[pri:0, instance:com.automation.testscripts.DriverScript@d35dea7]" started-at="2025-03-02T08:13:03 IST" name="closeBrowser" finished-at="2025-03-02T08:13:08 IST" duration-ms="4692" status="PASS">
          <reporter-output>
          </reporter-output>
        </test-method> <!-- closeBrowser -->
      </class> <!-- com.automation.testscripts.DriverScript -->
    </test> <!-- DriverScript -->
  </suite> <!-- Suite -->
</testng-results>
