<?xml version="1.0" encoding="UTF-8"?>
<!-- Generated by org.testng.reporters.JUnitXMLReporter -->
<testsuite ignored="0" hostname="SRIKRISHNA" failures="0" tests="8" name="DriverScript" time="75.525" errors="0" timestamp="2025-03-02T08:13:08 IST">
  <testcase classname="com.automation.testscripts.DriverScript" name="execute" time="2.175"/>
  <testcase classname="com.automation.testscripts.DriverScript" name="execute" time="1.727"/>
  <testcase classname="com.automation.testscripts.DriverScript" name="execute" time="0.107"/>
  <testcase classname="com.automation.testscripts.DriverScript" name="execute" time="0.596"/>
  <testcase classname="com.automation.testscripts.DriverScript" name="execute" time="0.129"/>
  <testcase classname="com.automation.testscripts.DriverScript" name="execute" time="0.191"/>
  <testcase classname="com.automation.testscripts.DriverScript" name="execute" time="0.106"/>
  <testcase classname="com.automation.testscripts.DriverScript" name="execute" time="0.132"/>
</testsuite> <!-- DriverScript -->
