<?xml version="1.0" encoding="UTF-8"?>
<!-- Generated by org.testng.reporters.JUnitXMLReporter -->
<testsuite ignored="0" hostname="SRIKRISHNA" failures="0" tests="2" name="TC_003_AddRemoveCart" time="12.869" errors="0" timestamp="2025-03-01T09:21:21 IST">
  <testcase classname="com.automation.testscripts.TC_003_AddRemoveCart" name="addRemoveCart" time="1.077"/>
  <testcase classname="com.automation.testscripts.TC_003_AddRemoveCart" name="addRemoveCart" time="0.788"/>
</testsuite> <!-- TC_003_AddRemoveCart -->
