<?xml version="1.0" encoding="UTF-8"?>
<!-- Generated by org.testng.reporters.JUnitXMLReporter -->
<testsuite ignored="0" hostname="SRIKRISHNA" failures="0" tests="2" name="TC_001_AddRemoveCart" time="26.186" errors="0" timestamp="2025-03-01T08:53:33 IST">
  <testcase classname="com.automation.testscripts.TC_001_AddRemoveCart" name="addRemoveCart" time="6.985"/>
  <testcase classname="com.automation.testscripts.TC_001_AddRemoveCart" name="addRemoveCart" time="6.96"/>
</testsuite> <!-- TC_001_AddRemoveCart -->
